<?xml version="1.0" encoding="utf-8"?><testsuite errors="1" failures="0" name="pytest" skips="0" tests="1" time="0.123"><testcase classname="" file="test/index_test.py" name="test.index_test" time="0"><error message="collection failure">ImportError while importing test module &apos;/home/patient-store-1102/python-rest-flask-JSON-api-lab-nyc-career-ds-102218/test/index_test.py&apos;.
Hint: make sure your test modules/packages have valid Python names.
Traceback:
test/index_test.py:3: in &lt;module&gt;
    from app import app
E   ImportError: cannot import name &apos;app&apos;</error></testcase></testsuite>